<?xml version="1.0" encoding="UTF-8"?>
<!-- Generated by org.testng.reporters.JUnitXMLReporter -->
<testsuite ignored="0" hostname="DESKTOP-UTHF6CG" failures="0" tests="6" name="chorme" time="0.51" errors="0" timestamp="2022-09-07T23:35:22 IST">
  <testcase classname="TestPackage.TestClass_TestNG" name="testA" time="0.033"/>
  <testcase classname="TestPackage.TestA$TestClass_TestNG" name="testA" time="0.019"/>
  <testcase classname="TestPackage.TestClass_TestNG" name="testB" time="0.009"/>
  <testcase classname="TestPackage.TestClass_TestNG" name="testC" time="0.015"/>
  <testcase classname="TestPackage.TestA$TestClass_TestNG" name="testB" time="0.02"/>
  <testcase classname="TestPackage.TestA$TestClass_TestNG" name="testC" time="0.005"/>
</testsuite> <!-- chorme -->
