<?xml version="1.0" encoding="UTF-8"?>
<!-- Generated by org.testng.reporters.JUnitXMLReporter -->
<testsuite ignored="0" hostname="DESKTOP-UTHF6CG" failures="0" tests="6" name="Test" time="0.196" errors="0" timestamp="2022-09-07T18:49:12 IST">
  <testcase classname="TestPackage.TestClass_TestNG" name="testA" time="0.015"/>
  <testcase classname="TestPackage.TestA$TestClass_TestNG" name="testA" time="0.028"/>
  <testcase classname="TestPackage.TestClass_TestNG" name="testB" time="0.006"/>
  <testcase classname="TestPackage.TestA$TestClass_TestNG" name="testB" time="0.009"/>
  <testcase classname="TestPackage.TestClass_TestNG" name="testC" time="0.007"/>
  <testcase classname="TestPackage.TestA$TestClass_TestNG" name="testC" time="0.013"/>
</testsuite> <!-- Test -->
